2025-06-11 10:44:18.436: [INFO] VisibilityChanged: 0
2025-06-11 10:44:18.521: [INFO] RecordSyncInitDuration has_sync_been_enabled: 0 state: 0
2025-06-11 10:44:18.522: [INFO] RecordSyncInitDuration has_sync_been_enabled: 0 state: 0
2025-06-11 10:44:18.524: [INFO] RecordSyncInitDuration has_sync_been_enabled: 0 state: 0
2025-06-11 10:44:18.525: [INFO] RecordSyncInitDuration has_sync_been_enabled: 0 state: 0
2025-06-11 10:44:18.526: [INFO] RecordSyncInitDuration has_sync_been_enabled: 0 state: 0
2025-06-11 10:44:18.527: [INFO] RecordSyncInitDuration has_sync_been_enabled: 0 state: 0
2025-06-11 10:44:18.528: [INFO] RecordSyncInitDuration has_sync_been_enabled: 0 state: 0
2025-06-11 10:44:18.529: [INFO] RecordSyncInitDuration has_sync_been_enabled: 0 state: 0
2025-06-11 10:44:18.530: [INFO] RecordSyncInitDuration has_sync_been_enabled: 0 state: 0
2025-06-11 10:44:18.531: [INFO] RecordSyncInitDuration has_sync_been_enabled: 0 state: 0
2025-06-11 10:44:18.533: [INFO] RecordSyncInitDuration has_sync_been_enabled: 0 state: 0
2025-06-11 10:44:18.552: [INFO] BookmarkNodeAdded, ABU: 0
2025-06-11 10:44:18.552: [INFO] BookmarkNodeAdded, ABU: 0
2025-06-11 10:44:18.552: [INFO] BookmarkNodeAdded, ABU: 0
2025-06-11 10:44:18.552: [INFO] BookmarkModelLoaded, ids_reassigned: 0
2025-06-11 10:44:18.552: [INFO] OnDoneLoading sync enabled: 0
2025-06-11 10:44:18.561: [INFO] RecordSyncInitDuration has_sync_been_enabled: 0 state: 0
2025-06-11 10:45:04.291: [INFO] RecordSyncInitDuration has_sync_been_enabled: 0 state: 3
2025-06-11 10:45:04.293: [INFO] Primary account changed.
2025-06-11 10:45:04.293: [INFO] OnPrimaryAccountChanged PrimaryAccountChangeEvent::Type::kSet
2025-06-11 10:45:04.295: [INFO] RecordSyncInitDuration has_sync_been_enabled: 0 state: 3
2025-06-11 10:45:04.360: [INFO] RecordSyncInitDuration has_sync_been_enabled: 0 state: 3
2025-06-11 11:27:50.497: [INFO] VisibilityChanged: 0
2025-06-11 11:27:50.653: [INFO] BookmarkNodeAdded, ABU: 0
2025-06-11 11:27:50.654: [INFO] BookmarkNodeAdded, ABU: 0
2025-06-11 11:27:50.654: [INFO] BookmarkNodeAdded, ABU: 0
2025-06-11 11:27:50.654: [INFO] BookmarkModelLoaded, ids_reassigned: 0
2025-06-11 11:27:50.654: [INFO] OnDoneLoading sync enabled: 1
2025-06-11 11:27:55.498: [INFO] BookmarkNodeAdded, ABU: 0
2025-06-11 11:27:55.499: [INFO] BookmarkNodeAdded, ABU: 0
2025-06-11 11:27:55.499: [INFO] BookmarkNodeAdded, ABU: 0
2025-06-11 11:27:56.535: [INFO] Sync initialization duration: 5633ms
