{"logTime": "0611/104513", "correlationVector":"6BU6ktwVZBYTugLU7jVrhF","action":"SyncServerConnectionManagerRequest", "result":"CONNECTION_UNAVAILABLE", "context":{"error_type":"net_error_code", "error_value":"-3"}}
{"logTime": "0611/112753", "correlationVector":"bK0udyLT15GtLz/zJUd4/q.1","action":"SyncServerConnectionManagerRequest", "result":"SYNC_SERVER_OK", "context":{"environment":"Prod_southeastasia_prod-s01-064-apac-southeastasia", "migrationStage":"NotStarted", "server":"akswtt008000032"}}
{"logTime": "0611/112753", "correlationVector":"bK0udyLT15GtLz/zJUd4/q.2","action":"ProcessGetUpdates", "result":"Done", "context":{"dataType":"Encryption Keys", "deleted":"0", "process_failed_to_decrypt":"0", "process_pending_decryption":"0", "process_success":"1", "total":"1"}}
{"logTime": "0611/112754", "correlationVector":"HdogSflrjq5SJcGdWH3GsW","action":"SyncServerConnectionManagerRequest", "result":"SYNC_SERVER_OK", "context":{"environment":"", "migrationStage":"", "server":""}}
{"logTime": "0611/112754", "correlationVector":"HdogSflrjq5SJcGdWH3GsW.0","action":"EncryptionKeysFetcher.DownloadKeys:", "result":"Success", "context":Key count: 8, Last key timestamp: 2025-04-07T11:53:57Z}
{"logTime": "0611/112754", "correlationVector":"HdogSflrjq5SJcGdWH3GsW.1","action":"EncryptionKeysManager::SetEncryptionKeys:", "result":"Success", "context":Key names[8]:[sb99+bCJrI07Esu3i5srYf6XefGWwrII4v98DpFm6zigNFRQfXLOYxjHWWWGt8h+cGAqXLSfc6C9SXEQ0Z3zBA==][BFJJIhAEQk2gyRm1rAv0u7noh4Wo8wH6Wa6sCDNU9EpeKmZXpcojLnJoLZyA32i08sbEufRfuoJj1jCN3oHvgw==][twwPdw9VeU0TtHhXSoCU0Wsnx7BRg59irfTbPX/yKAuAkOI7CboZjWylIPwqln2tijjuAZrbPCrlWZbskRnNNg==][yzDFCH/89/opAvBfVMLbECFNognA6FPOorDdJlAbCOkYsfxIIjegsSV6iCiC2zZPJ0MFauqHXhQhswvfwmZvuw==][YNxrupTtpB5g5J8Vg5DL2uG8Bzbsf31pPhLmEq7PSEQDQ2Hy7MWhA1NA9CEBkVV66/AZYu3EdaaN8VQCpWXYNQ==][k/fBD1jh+s3vfIXe80+85xYEi+kKl8BaHOnfr/1njn3hmbgr9/aYdxOyMF5fXSRCA0/IA6o6HRLyiDdwuUAB3w==][4lJDheOdsVCPqnmKD504KVDfOOTlzE8F7JQwMQhF+VPYrxwuju1hoLn5FTmsD4J47o7i+p5tOhZibqbXgD6mew==][DY2Qi+hYw9efqxHtFz1EyYs2yWNxpGrPfJTFDdWmGYAHgeaBvP6ANKxVDMVcfvzZs+Ceq+GgHlXMRMQBcvX5yw==]}
{"logTime": "0611/112754", "correlationVector":"HdogSflrjq5SJcGdWH3GsW.2","action":"EncryptionKeysManager::SetEncryptionKeysWithTimestamps:", "result":"Success", "context":Key timestamps[8]:[2021-06-02T01:59:52Z][2021-11-30T08:02:20Z][2022-09-30T13:41:35Z][2023-03-30T06:24:41Z][2023-09-27T00:28:20Z][2024-03-25T11:12:44Z][2024-09-23T02:26:17Z][2025-04-07T11:53:57Z]}
{"logTime": "0611/112754", "correlationVector":"bK0udyLT15GtLz/zJUd4/q","action":"Initial GetUpdates", "result":"", "context":Reason: NEW_CLIENT. cV=bK0udyLT15GtLz/zJUd4/q}
{"logTime": "0611/112754", "correlationVector":"bK0udyLT15GtLz/zJUd4/q.3","action":"GetUpdates Response", "result":"Success", "context":Received 1 update(s). cV=bK0udyLT15GtLz/zJUd4/q.0;server=akswtt008000032;cloudType=Consumer;environment=Prod_southeastasia_prod-s01-064-apac-southeastasia;migrationStage=NotStarted}
{"logTime": "0611/112754", "correlationVector":"LJdAfc7DMfF322f/96EE6W","action":"Initial GetUpdates", "result":"", "context":Reason: NEWLY_SUPPORTED_DATATYPE. cV=LJdAfc7DMfF322f/96EE6W}
{"logTime": "0611/112754", "correlationVector":"LJdAfc7DMfF322f/96EE6W.1","action":"SyncServerConnectionManagerRequest", "result":"SYNC_SERVER_OK", "context":{"environment":"Prod_southeastasia_prod-s01-064-apac-southeastasia", "migrationStage":"NotStarted", "server":"akswtt00800000m"}}
{"logTime": "0611/112755", "correlationVector":"LJdAfc7DMfF322f/96EE6W.2","action":"ProcessGetUpdates", "result":"Done", "context":{"dataType":"Preferences", "deleted":"0", "process_failed_to_decrypt":"0", "process_pending_decryption":"0", "process_success":"78", "total":"78"}}
{"logTime": "0611/112755", "correlationVector":"LJdAfc7DMfF322f/96EE6W.3","action":"ProcessGetUpdates", "result":"Done", "context":{"dataType":"Passwords", "deleted":"0", "process_failed_to_decrypt":"0", "process_pending_decryption":"0", "process_success":"14", "total":"14"}}
{"logTime": "0611/112755", "correlationVector":"LJdAfc7DMfF322f/96EE6W.4","action":"ProcessGetUpdates", "result":"Done", "context":{"dataType":"Device Info", "deleted":"0", "process_failed_to_decrypt":"0", "process_pending_decryption":"0", "process_success":"4", "total":"4"}}
{"logTime": "0611/112755", "correlationVector":"LJdAfc7DMfF322f/96EE6W.5","action":"GetUpdates Response", "result":"Success", "context":Received 96 update(s). cV=LJdAfc7DMfF322f/96EE6W.0;server=akswtt00800000m;cloudType=Consumer;environment=Prod_southeastasia_prod-s01-064-apac-southeastasia;migrationStage=NotStarted}
{"logTime": "0611/112755", "correlationVector":"fmZgaP4GboKnBXGYC9/dz/","action":"Initial GetUpdates", "result":"", "context":Reason: NEWLY_SUPPORTED_DATATYPE. cV=fmZgaP4GboKnBXGYC9/dz/}
{"logTime": "0611/112755", "correlationVector":"fmZgaP4GboKnBXGYC9/dz/.1","action":"SyncServerConnectionManagerRequest", "result":"SYNC_SERVER_OK", "context":{"environment":"Prod_southeastasia_prod-s01-065-apac-southeastasia", "migrationStage":"NotStarted", "server":"akswtt00800001g"}}
{"logTime": "0611/112755", "correlationVector":"fmZgaP4GboKnBXGYC9/dz/.2","action":"ProcessGetUpdates", "result":"Done", "context":{"dataType":"Bookmarks", "deleted":"1", "process_failed_to_decrypt":"0", "process_pending_decryption":"0", "process_success":"9", "total":"9"}}
{"logTime": "0611/112755", "correlationVector":"fmZgaP4GboKnBXGYC9/dz/.3","action":"GetUpdates Response", "result":"Success", "context":Received 9 update(s). cV=fmZgaP4GboKnBXGYC9/dz/.0;server=akswtt00800001g;cloudType=Consumer;environment=Prod_southeastasia_prod-s01-065-apac-southeastasia;migrationStage=NotStarted}
{"logTime": "0611/112755", "correlationVector":"oeZwPeXJYGW1XXCgPWUIJh","action":"Initial GetUpdates", "result":"", "context":Reason: NEWLY_SUPPORTED_DATATYPE. cV=oeZwPeXJYGW1XXCgPWUIJh}
{"logTime": "0611/112756", "correlationVector":"oeZwPeXJYGW1XXCgPWUIJh.1","action":"SyncServerConnectionManagerRequest", "result":"SYNC_SERVER_OK", "context":{"environment":"Prod_southeastasia_prod-s01-065-apac-southeastasia", "migrationStage":"NotStarted", "server":"akswtt00800001v"}}
{"logTime": "0611/112756", "correlationVector":"oeZwPeXJYGW1XXCgPWUIJh.2","action":"ProcessGetUpdates", "result":"Done", "context":{"dataType":"Autofill Profiles", "deleted":"0", "process_failed_to_decrypt":"0", "process_pending_decryption":"0", "process_success":"47", "total":"47"}}
{"logTime": "0611/112756", "correlationVector":"oeZwPeXJYGW1XXCgPWUIJh.3","action":"ProcessGetUpdates", "result":"Done", "context":{"dataType":"Autofill", "deleted":"0", "process_failed_to_decrypt":"0", "process_pending_decryption":"0", "process_success":"55", "total":"55"}}
{"logTime": "0611/112756", "correlationVector":"oeZwPeXJYGW1XXCgPWUIJh.4","action":"ProcessGetUpdates", "result":"Done", "context":{"dataType":"Extensions", "deleted":"0", "process_failed_to_decrypt":"0", "process_pending_decryption":"0", "process_success":"2", "total":"2"}}
{"logTime": "0611/112756", "correlationVector":"oeZwPeXJYGW1XXCgPWUIJh.5","action":"ProcessGetUpdates", "result":"Done", "context":{"dataType":"Sessions", "deleted":"139", "process_failed_to_decrypt":"0", "process_pending_decryption":"0", "process_success":"139", "total":"139"}}
{"logTime": "0611/112756", "correlationVector":"oeZwPeXJYGW1XXCgPWUIJh.6","action":"ProcessGetUpdates", "result":"Done", "context":{"dataType":"Edge Hub App Usage", "deleted":"4", "process_failed_to_decrypt":"0", "process_pending_decryption":"0", "process_success":"7", "total":"7"}}
{"logTime": "0611/112756", "correlationVector":"oeZwPeXJYGW1XXCgPWUIJh.7","action":"GetUpdates Response", "result":"Success", "context":Received 250 update(s). cV=oeZwPeXJYGW1XXCgPWUIJh.0;server=akswtt00800001v;cloudType=Consumer;environment=Prod_southeastasia_prod-s01-065-apac-southeastasia;migrationStage=NotStarted Some updates remain.}
{"logTime": "0611/112756", "correlationVector":"gzpXPFGALBCZ2uPSIGrcvn","action":"Initial GetUpdates", "result":"", "context":Reason: NEWLY_SUPPORTED_DATATYPE. cV=gzpXPFGALBCZ2uPSIGrcvn}
{"logTime": "0611/112756", "correlationVector":"gzpXPFGALBCZ2uPSIGrcvn.1","action":"SyncServerConnectionManagerRequest", "result":"SYNC_SERVER_OK", "context":{"environment":"Prod_southeastasia_prod-s01-065-apac-southeastasia", "migrationStage":"NotStarted", "server":"akswtt00800001d"}}
{"logTime": "0611/112756", "correlationVector":"gzpXPFGALBCZ2uPSIGrcvn.2","action":"ProcessGetUpdates", "result":"Done", "context":{"dataType":"Autofill Profiles", "deleted":"0", "process_failed_to_decrypt":"0", "process_pending_decryption":"0", "process_success":"5", "total":"5"}}
{"logTime": "0611/112756", "correlationVector":"gzpXPFGALBCZ2uPSIGrcvn.3","action":"ProcessGetUpdates", "result":"Done", "context":{"dataType":"Autofill", "deleted":"0", "process_failed_to_decrypt":"0", "process_pending_decryption":"0", "process_success":"14", "total":"14"}}
{"logTime": "0611/112756", "correlationVector":"gzpXPFGALBCZ2uPSIGrcvn.4","action":"ProcessGetUpdates", "result":"Done", "context":{"dataType":"Extensions", "deleted":"0", "process_failed_to_decrypt":"0", "process_pending_decryption":"0", "process_success":"2", "total":"2"}}
{"logTime": "0611/112756", "correlationVector":"gzpXPFGALBCZ2uPSIGrcvn.5","action":"ProcessGetUpdates", "result":"Done", "context":{"dataType":"Sessions", "deleted":"45", "process_failed_to_decrypt":"0", "process_pending_decryption":"0", "process_success":"48", "total":"48"}}
{"logTime": "0611/112756", "correlationVector":"gzpXPFGALBCZ2uPSIGrcvn.6","action":"ProcessGetUpdates", "result":"Done", "context":{"dataType":"Edge Hub App Usage", "deleted":"3", "process_failed_to_decrypt":"0", "process_pending_decryption":"0", "process_success":"3", "total":"3"}}
{"logTime": "0611/112756", "correlationVector":"gzpXPFGALBCZ2uPSIGrcvn.7","action":"GetUpdates Response", "result":"Success", "context":Received 72 update(s). cV=gzpXPFGALBCZ2uPSIGrcvn.0;server=akswtt00800001d;cloudType=Consumer;environment=Prod_southeastasia_prod-s01-065-apac-southeastasia;migrationStage=NotStarted}
{"logTime": "0611/112756", "correlationVector":"eiBV6X9seMN66zTDceujG/","action":"Initial GetUpdates", "result":"", "context":Reason: NEWLY_SUPPORTED_DATATYPE. cV=eiBV6X9seMN66zTDceujG/}
{"logTime": "0611/112757", "correlationVector":"eiBV6X9seMN66zTDceujG/.1","action":"SyncServerConnectionManagerRequest", "result":"SYNC_SERVER_OK", "context":{"environment":"Prod_southeastasia_prod-s01-065-apac-southeastasia", "migrationStage":"NotStarted", "server":"akswtt00800001v"}}
{"logTime": "0611/112757", "correlationVector":"eiBV6X9seMN66zTDceujG/.2","action":"ProcessGetUpdates", "result":"Done", "context":{"dataType":"History", "deleted":"0", "process_failed_to_decrypt":"0", "process_pending_decryption":"0", "process_success":"250", "total":"250"}}
{"logTime": "0611/112757", "correlationVector":"eiBV6X9seMN66zTDceujG/.3","action":"GetUpdates Response", "result":"Success", "context":Received 250 update(s). cV=eiBV6X9seMN66zTDceujG/.0;server=akswtt00800001v;cloudType=Consumer;environment=Prod_southeastasia_prod-s01-065-apac-southeastasia;migrationStage=NotStarted Some updates remain.}
{"logTime": "0611/112757", "correlationVector":"zTWsbKJoDNitEHMwbwVf4e","action":"Initial GetUpdates", "result":"", "context":Reason: NEWLY_SUPPORTED_DATATYPE. cV=zTWsbKJoDNitEHMwbwVf4e}
{"logTime": "0611/112758", "correlationVector":"zTWsbKJoDNitEHMwbwVf4e.1","action":"SyncServerConnectionManagerRequest", "result":"SYNC_SERVER_OK", "context":{"environment":"Prod_southeastasia_prod-s01-065-apac-southeastasia", "migrationStage":"NotStarted", "server":"akswtt00800002n"}}
{"logTime": "0611/112758", "correlationVector":"zTWsbKJoDNitEHMwbwVf4e.2","action":"ProcessGetUpdates", "result":"Done", "context":{"dataType":"History", "deleted":"0", "process_failed_to_decrypt":"0", "process_pending_decryption":"0", "process_success":"250", "total":"250"}}
{"logTime": "0611/112758", "correlationVector":"zTWsbKJoDNitEHMwbwVf4e.3","action":"GetUpdates Response", "result":"Success", "context":Received 250 update(s). cV=zTWsbKJoDNitEHMwbwVf4e.0;server=akswtt00800002n;cloudType=Consumer;environment=Prod_southeastasia_prod-s01-065-apac-southeastasia;migrationStage=NotStarted Some updates remain.}
{"logTime": "0611/112758", "correlationVector":"zDU/KefNYQTtYzTON/se1G","action":"Initial GetUpdates", "result":"", "context":Reason: NEWLY_SUPPORTED_DATATYPE. cV=zDU/KefNYQTtYzTON/se1G}
{"logTime": "0611/112758", "correlationVector":"zDU/KefNYQTtYzTON/se1G.1","action":"SyncServerConnectionManagerRequest", "result":"SYNC_SERVER_OK", "context":{"environment":"Prod_southeastasia_prod-s01-065-apac-southeastasia", "migrationStage":"NotStarted", "server":"akswtt008000012"}}
{"logTime": "0611/112758", "correlationVector":"zDU/KefNYQTtYzTON/se1G.2","action":"ProcessGetUpdates", "result":"Done", "context":{"dataType":"History", "deleted":"0", "process_failed_to_decrypt":"0", "process_pending_decryption":"0", "process_success":"250", "total":"250"}}
{"logTime": "0611/112758", "correlationVector":"zDU/KefNYQTtYzTON/se1G.3","action":"GetUpdates Response", "result":"Success", "context":Received 250 update(s). cV=zDU/KefNYQTtYzTON/se1G.0;server=akswtt008000012;cloudType=Consumer;environment=Prod_southeastasia_prod-s01-065-apac-southeastasia;migrationStage=NotStarted Some updates remain.}
{"logTime": "0611/112758", "correlationVector":"wuQZe1dgYzTaxuAfF5SC4c","action":"Initial GetUpdates", "result":"", "context":Reason: NEWLY_SUPPORTED_DATATYPE. cV=wuQZe1dgYzTaxuAfF5SC4c}
{"logTime": "0611/112759", "correlationVector":"wuQZe1dgYzTaxuAfF5SC4c.1","action":"SyncServerConnectionManagerRequest", "result":"SYNC_SERVER_OK", "context":{"environment":"Prod_southeastasia_prod-s01-065-apac-southeastasia", "migrationStage":"NotStarted", "server":"akswtt00800002k"}}
{"logTime": "0611/112759", "correlationVector":"wuQZe1dgYzTaxuAfF5SC4c.2","action":"ProcessGetUpdates", "result":"Done", "context":{"dataType":"History", "deleted":"0", "process_failed_to_decrypt":"0", "process_pending_decryption":"0", "process_success":"250", "total":"250"}}
{"logTime": "0611/112759", "correlationVector":"wuQZe1dgYzTaxuAfF5SC4c.3","action":"GetUpdates Response", "result":"Success", "context":Received 250 update(s). cV=wuQZe1dgYzTaxuAfF5SC4c.0;server=akswtt00800002k;cloudType=Consumer;environment=Prod_southeastasia_prod-s01-065-apac-southeastasia;migrationStage=NotStarted Some updates remain.}
{"logTime": "0611/112759", "correlationVector":"8ahcTkJUDkOzvklaAY62JL","action":"Initial GetUpdates", "result":"", "context":Reason: NEWLY_SUPPORTED_DATATYPE. cV=8ahcTkJUDkOzvklaAY62JL}
{"logTime": "0611/112759", "correlationVector":"8ahcTkJUDkOzvklaAY62JL.1","action":"SyncServerConnectionManagerRequest", "result":"SYNC_SERVER_OK", "context":{"environment":"Prod_southeastasia_prod-s01-065-apac-southeastasia", "migrationStage":"NotStarted", "server":"akswtt00800001g"}}
{"logTime": "0611/112759", "correlationVector":"8ahcTkJUDkOzvklaAY62JL.2","action":"ProcessGetUpdates", "result":"Done", "context":{"dataType":"History", "deleted":"0", "process_failed_to_decrypt":"0", "process_pending_decryption":"0", "process_success":"52", "total":"52"}}
{"logTime": "0611/112759", "correlationVector":"8ahcTkJUDkOzvklaAY62JL.3","action":"GetUpdates Response", "result":"Success", "context":Received 52 update(s). cV=8ahcTkJUDkOzvklaAY62JL.0;server=akswtt00800001g;cloudType=Consumer;environment=Prod_southeastasia_prod-s01-065-apac-southeastasia;migrationStage=NotStarted}
{"logTime": "0611/112759", "correlationVector":"FuxVHVVmCfcl+570CFSNVD","action":"Normal GetUpdate request", "result":"", "context":cV=FuxVHVVmCfcl+570CFSNVD
Nudged types: Sessions, Device Info, User Consents
Refresh requested types: Bookmarks, Preferences, Passwords, Autofill Profiles, Autofill, Extensions, Sessions, Extension settings, History Delete Directives, Device Info, User Consents, Send Tab To Self, Web Apps, History, Saved Tab Group, WebAuthn Credentials, Collection, Edge E Drop, Edge Hub App Usage, Edge Wallet, Encryption Keys}
{"logTime": "0611/112800", "correlationVector":"FuxVHVVmCfcl+570CFSNVD.1","action":"SyncServerConnectionManagerRequest", "result":"SYNC_SERVER_OK", "context":{"environment":"Prod_southeastasia_prod-s01-065-apac-southeastasia", "migrationStage":"NotStarted", "server":"akswtt00800001n"}}
{"logTime": "0611/112800", "correlationVector":"FuxVHVVmCfcl+570CFSNVD.2","action":"GetUpdates Response", "result":"Success", "context":Received 0 update(s). cV=FuxVHVVmCfcl+570CFSNVD.0;server=akswtt00800001n;cloudType=Consumer;environment=Prod_southeastasia_prod-s01-065-apac-southeastasia;migrationStage=NotStarted}
{"logTime": "0611/112800", "correlationVector":"XWWq9A9wbQQOyV/zdM49bO","action":"DoCompareDataConsistency requsted types: ", "result":"Bookmarks, Preferences, Passwords, Extensions, Extension settings, History Delete Directives, Send Tab To Self, Web Apps, History, Saved Tab Group, WebAuthn Credentials, Collection, Edge E Drop, Edge Wallet, Encryption Keys"}
{"logTime": "0611/112800", "correlationVector":"XWWq9A9wbQQOyV/zdM49bO.0","action":"CompareDataConsistency result: ", "result":"Compare result: Encryption Keys is consistent. local entities count is: 1 local entities hash is: U2B12ikZXyU/R1jyh7yG35o2R4c="}
{"logTime": "0611/112800", "correlationVector":"XWWq9A9wbQQOyV/zdM49bO.1","action":"CompareDataConsistency result: ", "result":"Compare result: Bookmarks is consistent. local entities count is: 3 local entities hash is: Jn/OccrO+ECh3NItISDzp9QGEV4="}
{"logTime": "0611/112800", "correlationVector":"XWWq9A9wbQQOyV/zdM49bO.2","action":"CompareDataConsistency result: ", "result":"Compare result: Preferences is consistent. local entities count is: 78 local entities hash is: lqnecNymaJh3va25YCMkMBc+5hw="}
{"logTime": "0611/112800", "correlationVector":"XWWq9A9wbQQOyV/zdM49bO.3","action":"CompareDataConsistency result: ", "result":"Compare result: Extensions is consistent. local entities count is: 4 local entities hash is: RftmkmBAuSy6Up+aELaxwD+Kp/U="}
{"logTime": "0611/112800", "correlationVector":"XWWq9A9wbQQOyV/zdM49bO.4","action":"CompareDataConsistency result: ", "result":"Compare result: Extension settings is consistent. local entities count is: 0 local entities hash is: "}
{"logTime": "0611/112800", "correlationVector":"XWWq9A9wbQQOyV/zdM49bO.5","action":"CompareDataConsistency result: ", "result":"Compare result: History Delete Directives is consistent. local entities count is: 0 local entities hash is: "}
{"logTime": "0611/112800", "correlationVector":"XWWq9A9wbQQOyV/zdM49bO.6","action":"CompareDataConsistency result: ", "result":"Server did not send this Send Tab To Self local entities count is: 0 local entities hash is: "}
{"logTime": "0611/112800", "correlationVector":"XWWq9A9wbQQOyV/zdM49bO.7","action":"CompareDataConsistency result: ", "result":"Compare result: Web Apps is consistent. local entities count is: 0 local entities hash is: "}
{"logTime": "0611/112800", "correlationVector":"XWWq9A9wbQQOyV/zdM49bO.8","action":"CompareDataConsistency result: ", "result":"Server did not send this History local entities count is: 0 local entities hash is: "}
{"logTime": "0611/112800", "correlationVector":"XWWq9A9wbQQOyV/zdM49bO.9","action":"CompareDataConsistency result: ", "result":"Compare result: Saved Tab Group is consistent. local entities count is: 0 local entities hash is: "}
{"logTime": "0611/112800", "correlationVector":"XWWq9A9wbQQOyV/zdM49bO.10","action":"CompareDataConsistency result: ", "result":"Server did not send this WebAuthn Credentials local entities count is: 0 local entities hash is: "}
{"logTime": "0611/112800", "correlationVector":"XWWq9A9wbQQOyV/zdM49bO.11","action":"CompareDataConsistency result: ", "result":"Compare result: Collection is consistent. local entities count is: 0 local entities hash is: "}
{"logTime": "0611/112800", "correlationVector":"XWWq9A9wbQQOyV/zdM49bO.12","action":"CompareDataConsistency result: ", "result":"Compare result: Edge E Drop is consistent. local entities count is: 0 local entities hash is: "}
{"logTime": "0611/112800", "correlationVector":"XWWq9A9wbQQOyV/zdM49bO.13","action":"CompareDataConsistency result: ", "result":"Compare result: Edge Wallet is consistent. local entities count is: 0 local entities hash is: "}
{"logTime": "0611/112800", "correlationVector":"XWWq9A9wbQQOyV/zdM49bO.14","action":"CompareDataConsistency result: ", "result":"Compare result: Passwords is consistent. local entities count is: 14 local entities hash is: 46PTGAY+PyRq7FlWiJ22fCII9js="}
{"logTime": "0611/112800", "correlationVector":"WszDTxhO3HNjTnB/vIBb40","action":"Commit Request", "result":"", "context":Item count: 5
Contributing types: Sessions, Device Info, User Consents}
{"logTime": "0611/112801", "correlationVector":"WszDTxhO3HNjTnB/vIBb40.1","action":"SyncServerConnectionManagerRequest", "result":"SYNC_SERVER_OK", "context":{"environment":"Prod_southeastasia_prod-s01-065-apac-southeastasia", "migrationStage":"NotStarted", "server":"akswtt00800001d"}}
{"logTime": "0611/112801", "correlationVector":"WszDTxhO3HNjTnB/vIBb40.2","action":"Commit Response", "result":"Success", "context":Result: Success. cV=WszDTxhO3HNjTnB/vIBb40.0;server=akswtt00800001d;cloudType=Consumer;environment=Prod_southeastasia_prod-s01-065-apac-southeastasia;migrationStage=NotStarted}
{"logTime": "0611/112807", "correlationVector":"","action":"DIAGNOSTIC_REQUEST|v1/diagnosticData/Diagnostic.SendCheckResult()|SUCCESS", "result":""}
{"logTime": "0611/112850", "correlationVector":"iQSbRu5lpviHiH07HYFYte","action":"Commit Request", "result":"", "context":Item count: 17
Contributing types: Preferences, Passwords, Sessions, History}
{"logTime": "0611/112852", "correlationVector":"iQSbRu5lpviHiH07HYFYte.1","action":"SyncServerConnectionManagerRequest", "result":"SYNC_SERVER_OK", "context":{"environment":"Prod_southeastasia_prod-s01-065-apac-southeastasia", "migrationStage":"NotStarted", "server":"akswtt008000027"}}
{"logTime": "0611/112852", "correlationVector":"iQSbRu5lpviHiH07HYFYte.2","action":"Commit Response", "result":"Success", "context":Result: Success. cV=iQSbRu5lpviHiH07HYFYte.0;server=akswtt008000027;cloudType=Consumer;environment=Prod_southeastasia_prod-s01-065-apac-southeastasia;migrationStage=NotStarted}
{"logTime": "0611/113017", "correlationVector":"scFa1UPxe/B/khYoevYxcD","action":"Commit Request", "result":"", "context":Item count: 3
Contributing types: Sessions, History}
{"logTime": "0611/113019", "correlationVector":"scFa1UPxe/B/khYoevYxcD.1","action":"SyncServerConnectionManagerRequest", "result":"SYNC_SERVER_OK", "context":{"environment":"Prod_southeastasia_prod-s01-065-apac-southeastasia", "migrationStage":"NotStarted", "server":"akswtt00800002f"}}
{"logTime": "0611/113019", "correlationVector":"scFa1UPxe/B/khYoevYxcD.2","action":"Commit Response", "result":"Success", "context":Result: Success. cV=scFa1UPxe/B/khYoevYxcD.0;server=akswtt00800002f;cloudType=Consumer;environment=Prod_southeastasia_prod-s01-065-apac-southeastasia;migrationStage=NotStarted}
{"logTime": "0611/113611", "correlationVector":"nJit4rMGBVLLV/H5n18IFd","action":"Commit Request", "result":"", "context":Item count: 3
Contributing types: Sessions, History}
{"logTime": "0611/113612", "correlationVector":"nJit4rMGBVLLV/H5n18IFd.1","action":"SyncServerConnectionManagerRequest", "result":"SYNC_SERVER_OK", "context":{"environment":"Prod_southeastasia_prod-s01-064-apac-southeastasia", "migrationStage":"NotStarted", "server":"akswtt00800003c"}}
{"logTime": "0611/113612", "correlationVector":"nJit4rMGBVLLV/H5n18IFd.2","action":"Commit Response", "result":"Success", "context":Result: Success. cV=nJit4rMGBVLLV/H5n18IFd.0;server=akswtt00800003c;cloudType=Consumer;environment=Prod_southeastasia_prod-s01-064-apac-southeastasia;migrationStage=NotStarted}
{"logTime": "0611/113910", "correlationVector":"m08bpg6PlmFY3Ch9wfjnWx","action":"Commit Request", "result":"", "context":Item count: 1
Contributing types: Sessions}
{"logTime": "0611/113911", "correlationVector":"m08bpg6PlmFY3Ch9wfjnWx.1","action":"SyncServerConnectionManagerRequest", "result":"SYNC_SERVER_OK", "context":{"environment":"Prod_southeastasia_prod-s01-064-apac-southeastasia", "migrationStage":"NotStarted", "server":"akswtt00800002j"}}
{"logTime": "0611/113911", "correlationVector":"m08bpg6PlmFY3Ch9wfjnWx.2","action":"Commit Response", "result":"Success", "context":Result: Success. cV=m08bpg6PlmFY3Ch9wfjnWx.0;server=akswtt00800002j;cloudType=Consumer;environment=Prod_southeastasia_prod-s01-064-apac-southeastasia;migrationStage=NotStarted}
