2025-06-11 10:44:18.268: [INFO][Sync] Reset engine, reason: 8
2025-06-11 10:44:18.268: [INFO][Sync] Stopped: Bookmarks
2025-06-11 10:44:18.268: [INFO][Sync] Stopped: Preferences
2025-06-11 10:44:18.268: [INFO][Sync] Stopped: Passwords
2025-06-11 10:44:18.268: [INFO][Sync] Stopped: Autofill Profiles
2025-06-11 10:44:18.268: [INFO][Sync] Stopped: Autofill
2025-06-11 10:44:18.268: [INFO][Sync] Stopped: Extensions
2025-06-11 10:44:18.268: [INFO][Sync] Stopped: Sessions
2025-06-11 10:44:18.268: [INFO][Sync] Stopped: Extension settings
2025-06-11 10:44:18.268: [INFO][Sync] Stopped: History Delete Directives
2025-06-11 10:44:18.268: [INFO][Sync] Stopped: Device Info
2025-06-11 10:44:18.268: [INFO][Sync] Stopped: User Consents
2025-06-11 10:44:18.268: [INFO][Sync] Stopped: Send Tab To Self
2025-06-11 10:44:18.268: [INFO][Sync] Stopped: Web Apps
2025-06-11 10:44:18.268: [INFO][Sync] Stopped: History
2025-06-11 10:44:18.268: [INFO][Sync] Stopped: Saved Tab Group
2025-06-11 10:44:18.268: [INFO][Sync] Stopped: WebAuthn Credentials
2025-06-11 10:44:18.268: [INFO][Sync] Stopped: Collection
2025-06-11 10:44:18.268: [INFO][Sync] Stopped: Edge E Drop
2025-06-11 10:44:18.268: [INFO][Sync] Stopped: Edge Hub App Usage
2025-06-11 10:44:18.268: [INFO][Sync] Stopped: Edge Wallet
2025-06-11 10:44:18.268: [INFO][Sync] SyncState after authenticated was: NotSignedIn
2025-06-11 10:44:18.559: [INFO][Sync] Reset engine, reason: 8
2025-06-11 10:44:18.559: [INFO][Sync] Stopped: Bookmarks
2025-06-11 10:44:18.559: [INFO][Sync] Stopped: Preferences
2025-06-11 10:44:18.559: [INFO][Sync] Stopped: Passwords
2025-06-11 10:44:18.559: [INFO][Sync] Stopped: Autofill Profiles
2025-06-11 10:44:18.559: [INFO][Sync] Stopped: Autofill
2025-06-11 10:44:18.559: [INFO][Sync] Stopped: Extensions
2025-06-11 10:44:18.559: [INFO][Sync] Stopped: Sessions
2025-06-11 10:44:18.559: [INFO][Sync] Stopped: Extension settings
2025-06-11 10:44:18.559: [INFO][Sync] Stopped: History Delete Directives
2025-06-11 10:44:18.559: [INFO][Sync] Stopped: Device Info
2025-06-11 10:44:18.559: [INFO][Sync] Stopped: User Consents
2025-06-11 10:44:18.559: [INFO][Sync] Stopped: Send Tab To Self
2025-06-11 10:44:18.559: [INFO][Sync] Stopped: Web Apps
2025-06-11 10:44:18.559: [INFO][Sync] Stopped: History
2025-06-11 10:44:18.559: [INFO][Sync] Stopped: Saved Tab Group
2025-06-11 10:44:18.559: [INFO][Sync] Stopped: WebAuthn Credentials
2025-06-11 10:44:18.559: [INFO][Sync] Stopped: Collection
2025-06-11 10:44:18.559: [INFO][Sync] Stopped: Edge E Drop
2025-06-11 10:44:18.559: [INFO][Sync] Stopped: Edge Hub App Usage
2025-06-11 10:44:18.559: [INFO][Sync] Stopped: Edge Wallet
2025-06-11 10:45:04.303: [INFO][Sync] Try to start sync engine
2025-06-11 10:45:04.304: [INFO][SyncManagerImpl::NudgeForInitialDownload] Initial download nudge for Encryption Keys
2025-06-11 10:45:04.304: [INFO][SyncEngineBackend::LoadAndConnectNigoriController] Load and connect Nigori controller
2025-06-11 10:45:04.304: [INFO][SyncEngineBackend::DoInitialize] Control Types added: Encryption Keys
2025-06-11 10:45:04.304: [INFO][SyncManagerImpl::ConfigureSyncer] Types to download: Encryption Keys with reason: 3
2025-06-11 10:45:04.304: [INFO][SyncSchedulerImpl::DoConfigurationSyncCycleJob] Configure job was blocked
2025-06-11 10:45:04.359: [INFO][SyncAuthManager::SetLastAuthError] Current auth error: None
2025-06-11 10:45:04.359: [INFO][SyncAuthManager::EdgeLogTokenErrorState] Token error with: None for account type: MSA
2025-06-11 10:45:04.359: [INFO][Sync] Credentials changed for: EdgeSyncScopeNew
2025-06-11 10:45:11.054: [INFO][SyncAuthManager::SetLastAuthError] Current auth error: None
2025-06-11 10:45:11.054: [INFO][SyncAuthManager::EdgeLogTokenErrorState] Token error with: None for account type: MSA
2025-06-11 10:45:11.054: [INFO][Sync] Credentials changed for: EdgeSyncKeyDataScope
2025-06-11 10:45:11.055: [INFO][SyncEngineBackend::DoUpdateKeyDataCredentials] Update key data credentials
2025-06-11 10:45:11.055: [INFO][SyncEngineBackend::DoUpdateCredentials] Update credentials
2025-06-11 10:45:11.055: [INFO][SyncSchedulerImpl::DoConfigurationSyncCycleJob] Blocked types:  and types to download: Encryption Keys
2025-06-11 10:45:13.160: [INFO][Sync] Reset engine, reason: 0
2025-06-11 10:45:13.160: [INFO][Sync] Reset engine with reason: 0
2025-06-11 10:45:13.160: [INFO][SyncSchedulerImpl::OnSyncNetworkError] Syncer error: Network error (ERR_ABORTED)
2025-06-11 10:45:13.160: [INFO][SyncSchedulerImpl::DoConfigurationSyncCycleJob] Syncer error: Network error (ERR_ABORTED)
2025-06-11 11:27:50.257: [INFO][Sync] SyncState after authenticated was: FeatureCanStart
2025-06-11 11:27:50.676: [INFO][Sync] Try to start sync engine
2025-06-11 11:27:50.711: [INFO][SyncManagerImpl::NudgeForInitialDownload] Initial download nudge for Encryption Keys
2025-06-11 11:27:50.711: [INFO][SyncEngineBackend::LoadAndConnectNigoriController] Load and connect Nigori controller
2025-06-11 11:27:50.711: [INFO][SyncEngineBackend::DoInitialize] Control Types added: Encryption Keys
2025-06-11 11:27:50.711: [INFO][SyncManagerImpl::ConfigureSyncer] Types to download: Encryption Keys with reason: 3
2025-06-11 11:27:50.711: [INFO][SyncSchedulerImpl::DoConfigurationSyncCycleJob] Configure job was blocked
2025-06-11 11:27:50.899: [INFO][SyncAuthManager::SetLastAuthError] Current auth error: None
2025-06-11 11:27:50.899: [INFO][SyncAuthManager::EdgeLogTokenErrorState] Token error with: None for account type: MSA
2025-06-11 11:27:50.899: [INFO][Sync] Credentials changed for: EdgeSyncScopeNew
2025-06-11 11:27:52.856: [INFO][SyncAuthManager::SetLastAuthError] Current auth error: None
2025-06-11 11:27:52.856: [INFO][SyncAuthManager::EdgeLogTokenErrorState] Token error with: None for account type: MSA
2025-06-11 11:27:52.857: [INFO][Sync] Credentials changed for: EdgeSyncKeyDataScope
2025-06-11 11:27:52.857: [INFO][SyncEngineBackend::DoUpdateKeyDataCredentials] Update key data credentials
2025-06-11 11:27:52.857: [INFO][SyncEngineBackend::DoUpdateCredentials] Update credentials
2025-06-11 11:27:52.857: [INFO][SyncSchedulerImpl::DoConfigurationSyncCycleJob] Blocked types:  and types to download: Encryption Keys
2025-06-11 11:27:53.671: [INFO][Sync] Started DataTypeManager configuration, reason: 4
2025-06-11 11:27:53.672: [INFO][Sync] Configuring for: Bookmarks, Preferences, Passwords, Autofill Profiles, Autofill, Extensions, Sessions, Extension settings, History Delete Directives, Device Info, User Consents, Send Tab To Self, Web Apps, History, Saved Tab Group, WebAuthn Credentials, Collection, Edge E Drop, Edge Hub App Usage, Edge Wallet, Encryption Keys, reason: 3, current state: 0
2025-06-11 11:27:53.672: [WARN][Sync] Crypto error data types: Passwords, Autofill Profiles, Autofill
2025-06-11 11:27:53.678: [INFO][Sync] Configure, desired: Bookmarks, Preferences, Extensions, Sessions, Extension settings, History Delete Directives, Device Info, User Consents, Send Tab To Self, Web Apps, History, Saved Tab Group, WebAuthn Credentials, Collection, Edge E Drop, Edge Hub App Usage, Edge Wallet, Encryption Keys; Allow fail: Passwords, Autofill Profiles, Autofill
2025-06-11 11:27:53.679: [INFO][Sync] Loading: Bookmarks
2025-06-11 11:27:53.679: [INFO][Sync] Loading: Preferences
2025-06-11 11:27:53.679: [INFO][Sync] Loading: Extensions
2025-06-11 11:27:53.681: [INFO][Sync] Loading: Sessions
2025-06-11 11:27:53.681: [INFO][Sync] Loading: Extension settings
2025-06-11 11:27:53.681: [INFO][Sync] Loading: History Delete Directives
2025-06-11 11:27:53.683: [INFO][Sync] Loading: Device Info
2025-06-11 11:27:53.684: [INFO][Sync] Loading: User Consents
2025-06-11 11:27:53.684: [INFO][Sync] Loading: Send Tab To Self
2025-06-11 11:27:53.684: [INFO][Sync] Loading: Web Apps
2025-06-11 11:27:53.684: [INFO][Sync] Loading: History
2025-06-11 11:27:53.685: [INFO][Sync] Loading: Saved Tab Group
2025-06-11 11:27:53.685: [INFO][Sync] Loading: WebAuthn Credentials
2025-06-11 11:27:53.685: [INFO][Sync] Loading: Collection
2025-06-11 11:27:53.685: [INFO][Sync] Loading: Edge E Drop
2025-06-11 11:27:53.685: [INFO][Sync] Loading: Edge Hub App Usage
2025-06-11 11:27:53.685: [INFO][Sync] Loading: Edge Wallet
2025-06-11 11:27:53.696: [INFO][Sync] All data types are ready for configure.
2025-06-11 11:27:54.367: [INFO][Sync] Started DataTypeManager configuration, reason: 5
2025-06-11 11:27:54.367: [INFO][Sync] Configuring for: Bookmarks, Preferences, Passwords, Autofill Profiles, Autofill, Extensions, Sessions, Extension settings, History Delete Directives, Device Info, User Consents, Send Tab To Self, Web Apps, History, Saved Tab Group, WebAuthn Credentials, Collection, Edge E Drop, Edge Hub App Usage, Edge Wallet, Encryption Keys, reason: 5, current state: 1
2025-06-11 11:27:54.386: [INFO][SyncEngineBackend::DoStartConfiguration] Start configuration
2025-06-11 11:27:54.387: [INFO][SyncManagerImpl::NudgeForInitialDownload] Initial download nudge for Bookmarks
2025-06-11 11:27:54.387: [INFO][SyncManagerImpl::NudgeForInitialDownload] Initial download nudge for Preferences
2025-06-11 11:27:54.387: [INFO][SyncManagerImpl::NudgeForInitialDownload] Initial download nudge for Extensions
2025-06-11 11:27:54.387: [INFO][SyncManagerImpl::NudgeForInitialDownload] Initial download nudge for Sessions
2025-06-11 11:27:54.387: [INFO][SyncManagerImpl::NudgeForInitialDownload] Initial download nudge for Extension settings
2025-06-11 11:27:54.387: [INFO][SyncManagerImpl::NudgeForInitialDownload] Initial download nudge for History Delete Directives
2025-06-11 11:27:54.387: [INFO][SyncManagerImpl::NudgeForInitialDownload] Initial download nudge for Device Info
2025-06-11 11:27:54.387: [INFO][SyncManagerImpl::NudgeForInitialDownload] Initial download nudge for Send Tab To Self
2025-06-11 11:27:54.387: [INFO][SyncManagerImpl::NudgeForInitialDownload] Initial download nudge for Web Apps
2025-06-11 11:27:54.387: [INFO][SyncManagerImpl::NudgeForInitialDownload] Initial download nudge for History
2025-06-11 11:27:54.387: [INFO][SyncManagerImpl::NudgeForInitialDownload] Initial download nudge for Saved Tab Group
2025-06-11 11:27:54.387: [INFO][SyncManagerImpl::NudgeForInitialDownload] Initial download nudge for WebAuthn Credentials
2025-06-11 11:27:54.387: [INFO][SyncManagerImpl::NudgeForInitialDownload] Initial download nudge for Collection
2025-06-11 11:27:54.387: [INFO][SyncManagerImpl::NudgeForInitialDownload] Initial download nudge for Edge E Drop
2025-06-11 11:27:54.387: [INFO][SyncManagerImpl::NudgeForInitialDownload] Initial download nudge for Edge Hub App Usage
2025-06-11 11:27:54.387: [INFO][SyncManagerImpl::NudgeForInitialDownload] Initial download nudge for Edge Wallet
2025-06-11 11:27:54.387: [INFO][SyncManagerImpl::ConfigureSyncer] Types to download:  with reason: 3
2025-06-11 11:27:54.387: [INFO][SyncEngineBackend::DoFinishConfigureDataTypes] Failed to download types:  and succeeded types: 
2025-06-11 11:27:54.388: [INFO][Sync] ConfigurationDone, failed: , succeeded: , remaining count: 4
2025-06-11 11:27:54.388: [WARN][Sync]     Reconfigure requested while configuration ongoing.
2025-06-11 11:27:54.388: [INFO][Sync] Configuring for: Bookmarks, Preferences, Passwords, Autofill Profiles, Autofill, Extensions, Sessions, Extension settings, History Delete Directives, Device Info, User Consents, Send Tab To Self, Web Apps, History, Saved Tab Group, WebAuthn Credentials, Collection, Edge E Drop, Edge Hub App Usage, Edge Wallet, Encryption Keys, reason: 5, current state: 2
2025-06-11 11:27:54.388: [INFO][Sync] Configure, desired: Bookmarks, Preferences, Passwords, Autofill Profiles, Autofill, Extensions, Sessions, Extension settings, History Delete Directives, Device Info, User Consents, Send Tab To Self, Web Apps, History, Saved Tab Group, WebAuthn Credentials, Collection, Edge E Drop, Edge Hub App Usage, Edge Wallet, Encryption Keys; Allow fail: 
2025-06-11 11:27:54.388: [INFO][Sync] Loading: Passwords
2025-06-11 11:27:54.388: [INFO][Sync] Loading: Autofill Profiles
2025-06-11 11:27:54.388: [INFO][Sync] Loading: Autofill
2025-06-11 11:27:54.389: [INFO][Sync] All data types are ready for configure.
2025-06-11 11:27:54.389: [INFO][SyncManagerImpl::NudgeForInitialDownload] Initial download nudge for Passwords
2025-06-11 11:27:54.390: [INFO][SyncManagerImpl::NudgeForInitialDownload] Initial download nudge for Autofill Profiles
2025-06-11 11:27:54.390: [INFO][SyncManagerImpl::NudgeForInitialDownload] Initial download nudge for Autofill
2025-06-11 11:27:54.390: [INFO][SyncManagerImpl::ConfigureSyncer] Types to download:  with reason: 5
2025-06-11 11:27:54.390: [INFO][SyncEngineBackend::DoFinishConfigureDataTypes] Failed to download types:  and succeeded types: 
2025-06-11 11:27:54.390: [INFO][Sync] ConfigurationDone, failed: , succeeded: , remaining count: 4
2025-06-11 11:27:54.390: [INFO][Sync] Prepare to configure types: Preferences, Passwords, Device Info, Send Tab To Self, Edge E Drop, Encryption Keys
2025-06-11 11:27:54.390: [INFO][SyncManagerImpl::ConfigureSyncer] Types to download: Preferences, Passwords, Device Info, Send Tab To Self, Edge E Drop, Encryption Keys with reason: 5
2025-06-11 11:27:54.390: [INFO][SyncSchedulerImpl::DoConfigurationSyncCycleJob] Blocked types:  and types to download: Preferences, Passwords, Device Info, Send Tab To Self, Edge E Drop, Encryption Keys
2025-06-11 11:27:55.022: [INFO][SyncEngineBackend::DoFinishConfigureDataTypes] Failed to download types:  and succeeded types: Preferences, Passwords, Device Info, Send Tab To Self, Edge E Drop, Encryption Keys
2025-06-11 11:27:55.063: [INFO][Sync] ConfigurationDone, failed: , succeeded: Preferences, Passwords, Device Info, Send Tab To Self, Edge E Drop, Encryption Keys, remaining count: 3
2025-06-11 11:27:55.063: [INFO][Sync] Prepare to configure types: Bookmarks, Encryption Keys
2025-06-11 11:27:55.063: [INFO][SyncManagerImpl::ConfigureSyncer] Types to download: Bookmarks, Encryption Keys with reason: 5
2025-06-11 11:27:55.063: [INFO][SyncSchedulerImpl::DoConfigurationSyncCycleJob] Blocked types:  and types to download: Bookmarks, Encryption Keys
2025-06-11 11:27:55.509: [INFO][SyncEngineBackend::DoFinishConfigureDataTypes] Failed to download types:  and succeeded types: Bookmarks, Encryption Keys
2025-06-11 11:27:55.511: [INFO][Sync] ConfigurationDone, failed: , succeeded: Bookmarks, Encryption Keys, remaining count: 2
2025-06-11 11:27:55.511: [INFO][Sync] Prepare to configure types: Autofill Profiles, Autofill, Extensions, Sessions, Extension settings, History Delete Directives, Web Apps, Saved Tab Group, WebAuthn Credentials, Collection, Edge Hub App Usage, Edge Wallet, Encryption Keys
2025-06-11 11:27:55.511: [INFO][SyncManagerImpl::ConfigureSyncer] Types to download: Autofill Profiles, Autofill, Extensions, Sessions, Extension settings, History Delete Directives, Web Apps, Saved Tab Group, WebAuthn Credentials, Collection, Edge Hub App Usage, Edge Wallet, Encryption Keys with reason: 5
2025-06-11 11:27:55.511: [INFO][SyncSchedulerImpl::DoConfigurationSyncCycleJob] Blocked types:  and types to download: Autofill Profiles, Autofill, Extensions, Sessions, Extension settings, History Delete Directives, Web Apps, Saved Tab Group, WebAuthn Credentials, Collection, Edge Hub App Usage, Edge Wallet, Encryption Keys
2025-06-11 11:27:56.529: [INFO][SyncEngineBackend::DoFinishConfigureDataTypes] Failed to download types:  and succeeded types: Autofill Profiles, Autofill, Extensions, Sessions, Extension settings, History Delete Directives, Web Apps, Saved Tab Group, WebAuthn Credentials, Collection, Edge Hub App Usage, Edge Wallet, Encryption Keys
2025-06-11 11:27:56.532: [INFO][Sync] ConfigurationDone, failed: , succeeded: Autofill Profiles, Autofill, Extensions, Sessions, Extension settings, History Delete Directives, Web Apps, Saved Tab Group, WebAuthn Credentials, Collection, Edge Hub App Usage, Edge Wallet, Encryption Keys, remaining count: 1
2025-06-11 11:27:56.535: [INFO][Sync] Prepare to configure types: History, Encryption Keys
2025-06-11 11:27:56.536: [INFO][SyncManagerImpl::ConfigureSyncer] Types to download: History, Encryption Keys with reason: 5
2025-06-11 11:27:56.536: [INFO][SyncSchedulerImpl::DoConfigurationSyncCycleJob] Blocked types:  and types to download: History, Encryption Keys
2025-06-11 11:27:59.651: [INFO][SyncEngineBackend::DoFinishConfigureDataTypes] Failed to download types:  and succeeded types: History, Encryption Keys
2025-06-11 11:27:59.661: [INFO][Sync] ConfigurationDone, failed: , succeeded: History, Encryption Keys, remaining count: 0
2025-06-11 11:27:59.671: [INFO][Sync]     Configuration completed, state: 7
2025-06-11 11:27:59.672: [INFO][Sync] Configured DataTypeManager: Ok
2025-06-11 11:27:59.688: [INFO][SyncEngineBackend::DoStartSyncing] Start syncing
